

*******************************************************************************
Fri Feb 10 18:49:22 2023


FIT:    data read from "trip.dat" using 1:2
        format = x:z
        #datapoints = 9
        residuals are weighted equally (unit weight)

function used for fitting: e(x)
	e(x) = e0 + e1*x
fitted parameters initialized with current variable values

iter      chisq       delta/lim  lambda   e0            e1           
   0 4.4754000000e+04   0.00e+00  4.67e+00    1.000000e+00   1.000000e+00
   4 2.8116000000e+03  -9.04e-03  4.67e-04   -6.380000e+01   1.980000e+01

After 4 iterations the fit converged.
final sum of squares of residuals : 2811.6
rel. change during last iteration : -9.0395e-08

degrees of freedom    (FIT_NDF)                        : 7
rms of residuals      (FIT_STDFIT) = sqrt(WSSR/ndf)    : 20.0414
variance of residuals (reduced chisquare) = WSSR/ndf   : 401.657

Final set of parameters            Asymptotic Standard Error
=======================            ==========================
e0              = -63.8            +/- 16.9         (26.49%)
e1              = 19.8             +/- 2.587        (13.07%)

correlation matrix of the fit parameters:
                e0     e1     
e0              1.000 
e1             -0.919  1.000 


*******************************************************************************
Fri Feb 10 18:49:22 2023


FIT:    data read from "trip.dat" using 1:2
        format = x:z
        #datapoints = 9
        residuals are weighted equally (unit weight)

function used for fitting: f(x)
	f(x) = f0 + f1*x + f2*x**2
fitted parameters initialized with current variable values

iter      chisq       delta/lim  lambda   f0            f1            f2           
   0 4.3020000000e+03   0.00e+00  3.09e+01    1.000000e+00   1.000000e+00   1.000000e+00
   5 3.9600000000e+01  -4.89e-01  3.09e-04    2.420000e+01  -1.620000e+01   3.000000e+00

After 5 iterations the fit converged.
final sum of squares of residuals : 39.6
rel. change during last iteration : -4.89473e-06

degrees of freedom    (FIT_NDF)                        : 6
rms of residuals      (FIT_STDFIT) = sqrt(WSSR/ndf)    : 2.56905
variance of residuals (reduced chisquare) = WSSR/ndf   : 6.6

Final set of parameters            Asymptotic Standard Error
=======================            ==========================
f0              = 24.2             +/- 4.81         (19.87%)
f1              = -16.2            +/- 1.788        (11.03%)
f2              = 3                +/- 0.1464       (4.88%)

correlation matrix of the fit parameters:
                f0     f1     f2     
f0              1.000 
f1             -0.954  1.000 
f2              0.893 -0.983  1.000 


*******************************************************************************
Fri Feb 10 18:49:22 2023


FIT:    data read from "trip.dat" using 1:2
        format = x:z
        #datapoints = 9
        residuals are weighted equally (unit weight)

function used for fitting: g(x)
	g(x) = g0 + g1*x + g2*x**2 + g3*x**3
fitted parameters initialized with current variable values

iter      chisq       delta/lim  lambda   g0            g1            g2            g3           
   0 1.8300420000e+06   0.00e+00  2.36e+02    1.000000e+00   1.000000e+00   1.000000e+00   1.000000e+00
  16 5.4255431751e-24   0.00e+00  2.36e+03   -9.595787e-12  -1.666667e-01  -1.116806e-12   1.666667e-01

After 16 iterations the fit converged.
final sum of squares of residuals : 5.42554e-24
rel. change during last iteration : 0

degrees of freedom    (FIT_NDF)                        : 5
rms of residuals      (FIT_STDFIT) = sqrt(WSSR/ndf)    : 1.04169e-12
variance of residuals (reduced chisquare) = WSSR/ndf   : 1.08511e-24

Final set of parameters            Asymptotic Standard Error
=======================            ==========================
g0              = -9.59579e-12     +/- 9.94e-13     (10.36%)
g1              = -0.166667        +/- 6.295e-13    (3.777e-10%)
g2              = -1.11681e-12     +/- 1.3e-13      (11.64%)
g3              = 0.166667         +/- 8.823e-15    (5.294e-12%)

correlation matrix of the fit parameters:
                g0     g1     g2     g3     
g0              1.000 
g1             -0.687  1.000 
g2              0.209 -0.823  1.000 
g3              0.122  0.547 -0.922  1.000 


*******************************************************************************
Fri Feb 10 18:49:30 2023


FIT:    data read from "trip.dat" using 1:2
        format = x:z
        #datapoints = 9
        residuals are weighted equally (unit weight)

function used for fitting: e(x)
	e(x) = e0 + e1*x
fitted parameters initialized with current variable values

iter      chisq       delta/lim  lambda   e0            e1           
   0 4.4754000000e+04   0.00e+00  4.67e+00    1.000000e+00   1.000000e+00
   4 2.8116000000e+03  -9.04e-03  4.67e-04   -6.380000e+01   1.980000e+01

After 4 iterations the fit converged.
final sum of squares of residuals : 2811.6
rel. change during last iteration : -9.0395e-08

degrees of freedom    (FIT_NDF)                        : 7
rms of residuals      (FIT_STDFIT) = sqrt(WSSR/ndf)    : 20.0414
variance of residuals (reduced chisquare) = WSSR/ndf   : 401.657

Final set of parameters            Asymptotic Standard Error
=======================            ==========================
e0              = -63.8            +/- 16.9         (26.49%)
e1              = 19.8             +/- 2.587        (13.07%)

correlation matrix of the fit parameters:
                e0     e1     
e0              1.000 
e1             -0.919  1.000 


*******************************************************************************
Fri Feb 10 18:49:30 2023


FIT:    data read from "trip.dat" using 1:2
        format = x:z
        #datapoints = 9
        residuals are weighted equally (unit weight)

function used for fitting: f(x)
	f(x) = f0 + f1*x + f2*x**2
fitted parameters initialized with current variable values

iter      chisq       delta/lim  lambda   f0            f1            f2           
   0 4.3020000000e+03   0.00e+00  3.09e+01    1.000000e+00   1.000000e+00   1.000000e+00
   5 3.9600000000e+01  -4.89e-01  3.09e-04    2.420000e+01  -1.620000e+01   3.000000e+00

After 5 iterations the fit converged.
final sum of squares of residuals : 39.6
rel. change during last iteration : -4.89473e-06

degrees of freedom    (FIT_NDF)                        : 6
rms of residuals      (FIT_STDFIT) = sqrt(WSSR/ndf)    : 2.56905
variance of residuals (reduced chisquare) = WSSR/ndf   : 6.6

Final set of parameters            Asymptotic Standard Error
=======================            ==========================
f0              = 24.2             +/- 4.81         (19.87%)
f1              = -16.2            +/- 1.788        (11.03%)
f2              = 3                +/- 0.1464       (4.88%)

correlation matrix of the fit parameters:
                f0     f1     f2     
f0              1.000 
f1             -0.954  1.000 
f2              0.893 -0.983  1.000 


*******************************************************************************
Fri Feb 10 18:49:30 2023


FIT:    data read from "trip.dat" using 1:2
        format = x:z
        #datapoints = 9
        residuals are weighted equally (unit weight)

function used for fitting: g(x)
	g(x) = g0 + g1*x + g2*x**2 + g3*x**3
fitted parameters initialized with current variable values

iter      chisq       delta/lim  lambda   g0            g1            g2            g3           
   0 1.8300420000e+06   0.00e+00  2.36e+02    1.000000e+00   1.000000e+00   1.000000e+00   1.000000e+00
  16 5.4255431751e-24   0.00e+00  2.36e+03   -9.595787e-12  -1.666667e-01  -1.116806e-12   1.666667e-01

After 16 iterations the fit converged.
final sum of squares of residuals : 5.42554e-24
rel. change during last iteration : 0

degrees of freedom    (FIT_NDF)                        : 5
rms of residuals      (FIT_STDFIT) = sqrt(WSSR/ndf)    : 1.04169e-12
variance of residuals (reduced chisquare) = WSSR/ndf   : 1.08511e-24

Final set of parameters            Asymptotic Standard Error
=======================            ==========================
g0              = -9.59579e-12     +/- 9.94e-13     (10.36%)
g1              = -0.166667        +/- 6.295e-13    (3.777e-10%)
g2              = -1.11681e-12     +/- 1.3e-13      (11.64%)
g3              = 0.166667         +/- 8.823e-15    (5.294e-12%)

correlation matrix of the fit parameters:
                g0     g1     g2     g3     
g0              1.000 
g1             -0.687  1.000 
g2              0.209 -0.823  1.000 
g3              0.122  0.547 -0.922  1.000 


*******************************************************************************
Fri Feb 10 18:55:28 2023


FIT:    data read from "trip.dat" using 1:2
        format = x:z
        #datapoints = 9
        residuals are weighted equally (unit weight)

function used for fitting: e(x)
	e(x) = e0 + e1*x
fitted parameters initialized with current variable values

iter      chisq       delta/lim  lambda   e0            e1           
   0 4.4754000000e+04   0.00e+00  4.67e+00    1.000000e+00   1.000000e+00
   4 2.8116000000e+03  -9.04e-03  4.67e-04   -6.380000e+01   1.980000e+01

After 4 iterations the fit converged.
final sum of squares of residuals : 2811.6
rel. change during last iteration : -9.0395e-08

degrees of freedom    (FIT_NDF)                        : 7
rms of residuals      (FIT_STDFIT) = sqrt(WSSR/ndf)    : 20.0414
variance of residuals (reduced chisquare) = WSSR/ndf   : 401.657

Final set of parameters            Asymptotic Standard Error
=======================            ==========================
e0              = -63.8            +/- 16.9         (26.49%)
e1              = 19.8             +/- 2.587        (13.07%)

correlation matrix of the fit parameters:
                e0     e1     
e0              1.000 
e1             -0.919  1.000 


*******************************************************************************
Fri Feb 10 18:55:28 2023


FIT:    data read from "trip.dat" using 1:2
        format = x:z
        #datapoints = 9
        residuals are weighted equally (unit weight)

function used for fitting: f(x)
	f(x) = f0 + f1*x + f2*x**2
fitted parameters initialized with current variable values

iter      chisq       delta/lim  lambda   f0            f1            f2           
   0 4.3020000000e+03   0.00e+00  3.09e+01    1.000000e+00   1.000000e+00   1.000000e+00
   5 3.9600000000e+01  -4.89e-01  3.09e-04    2.420000e+01  -1.620000e+01   3.000000e+00

After 5 iterations the fit converged.
final sum of squares of residuals : 39.6
rel. change during last iteration : -4.89473e-06

degrees of freedom    (FIT_NDF)                        : 6
rms of residuals      (FIT_STDFIT) = sqrt(WSSR/ndf)    : 2.56905
variance of residuals (reduced chisquare) = WSSR/ndf   : 6.6

Final set of parameters            Asymptotic Standard Error
=======================            ==========================
f0              = 24.2             +/- 4.81         (19.87%)
f1              = -16.2            +/- 1.788        (11.03%)
f2              = 3                +/- 0.1464       (4.88%)

correlation matrix of the fit parameters:
                f0     f1     f2     
f0              1.000 
f1             -0.954  1.000 
f2              0.893 -0.983  1.000 


*******************************************************************************
Fri Feb 10 18:55:28 2023


FIT:    data read from "trip.dat" using 1:2
        format = x:z
        #datapoints = 9
        residuals are weighted equally (unit weight)

function used for fitting: g(x)
	g(x) = g0 + g1*x + g2*x**2 + g3*x**3
fitted parameters initialized with current variable values

iter      chisq       delta/lim  lambda   g0            g1            g2            g3           
   0 1.8300420000e+06   0.00e+00  2.36e+02    1.000000e+00   1.000000e+00   1.000000e+00   1.000000e+00
  16 5.4255431751e-24   0.00e+00  2.36e+03   -9.595787e-12  -1.666667e-01  -1.116806e-12   1.666667e-01

After 16 iterations the fit converged.
final sum of squares of residuals : 5.42554e-24
rel. change during last iteration : 0

degrees of freedom    (FIT_NDF)                        : 5
rms of residuals      (FIT_STDFIT) = sqrt(WSSR/ndf)    : 1.04169e-12
variance of residuals (reduced chisquare) = WSSR/ndf   : 1.08511e-24

Final set of parameters            Asymptotic Standard Error
=======================            ==========================
g0              = -9.59579e-12     +/- 9.94e-13     (10.36%)
g1              = -0.166667        +/- 6.295e-13    (3.777e-10%)
g2              = -1.11681e-12     +/- 1.3e-13      (11.64%)
g3              = 0.166667         +/- 8.823e-15    (5.294e-12%)

correlation matrix of the fit parameters:
                g0     g1     g2     g3     
g0              1.000 
g1             -0.687  1.000 
g2              0.209 -0.823  1.000 
g3              0.122  0.547 -0.922  1.000 


*******************************************************************************
Fri Feb 10 23:09:01 2023


FIT:    data read from "trip.dat" using 1:2
        format = x:z
        #datapoints = 9
        residuals are weighted equally (unit weight)

function used for fitting: e(x)
	e(x) = e0 + e1*x
fitted parameters initialized with current variable values

iter      chisq       delta/lim  lambda   e0            e1           
   0 4.4754000000e+04   0.00e+00  4.67e+00    1.000000e+00   1.000000e+00
   4 2.8116000000e+03  -9.04e-03  4.67e-04   -6.380000e+01   1.980000e+01

After 4 iterations the fit converged.
final sum of squares of residuals : 2811.6
rel. change during last iteration : -9.0395e-08

degrees of freedom    (FIT_NDF)                        : 7
rms of residuals      (FIT_STDFIT) = sqrt(WSSR/ndf)    : 20.0414
variance of residuals (reduced chisquare) = WSSR/ndf   : 401.657

Final set of parameters            Asymptotic Standard Error
=======================            ==========================
e0              = -63.8            +/- 16.9         (26.49%)
e1              = 19.8             +/- 2.587        (13.07%)

correlation matrix of the fit parameters:
                e0     e1     
e0              1.000 
e1             -0.919  1.000 


*******************************************************************************
Fri Feb 10 23:09:01 2023


FIT:    data read from "trip.dat" using 1:2
        format = x:z
        #datapoints = 9
        residuals are weighted equally (unit weight)

function used for fitting: f(x)
	f(x) = f0 + f1*x + f2*x**2
fitted parameters initialized with current variable values

iter      chisq       delta/lim  lambda   f0            f1            f2           
   0 4.3020000000e+03   0.00e+00  3.09e+01    1.000000e+00   1.000000e+00   1.000000e+00
   5 3.9600000000e+01  -4.89e-01  3.09e-04    2.420000e+01  -1.620000e+01   3.000000e+00

After 5 iterations the fit converged.
final sum of squares of residuals : 39.6
rel. change during last iteration : -4.89473e-06

degrees of freedom    (FIT_NDF)                        : 6
rms of residuals      (FIT_STDFIT) = sqrt(WSSR/ndf)    : 2.56905
variance of residuals (reduced chisquare) = WSSR/ndf   : 6.6

Final set of parameters            Asymptotic Standard Error
=======================            ==========================
f0              = 24.2             +/- 4.81         (19.87%)
f1              = -16.2            +/- 1.788        (11.03%)
f2              = 3                +/- 0.1464       (4.88%)

correlation matrix of the fit parameters:
                f0     f1     f2     
f0              1.000 
f1             -0.954  1.000 
f2              0.893 -0.983  1.000 


*******************************************************************************
Fri Feb 10 23:09:01 2023


FIT:    data read from "trip.dat" using 1:2
        format = x:z
        #datapoints = 9
        residuals are weighted equally (unit weight)

function used for fitting: g(x)
	g(x) = g0 + g1*x + g2*x**2 + g3*x**3
fitted parameters initialized with current variable values

iter      chisq       delta/lim  lambda   g0            g1            g2            g3           
   0 1.8300420000e+06   0.00e+00  2.36e+02    1.000000e+00   1.000000e+00   1.000000e+00   1.000000e+00
  16 5.4255431751e-24   0.00e+00  2.36e+03   -9.595787e-12  -1.666667e-01  -1.116806e-12   1.666667e-01

After 16 iterations the fit converged.
final sum of squares of residuals : 5.42554e-24
rel. change during last iteration : 0

degrees of freedom    (FIT_NDF)                        : 5
rms of residuals      (FIT_STDFIT) = sqrt(WSSR/ndf)    : 1.04169e-12
variance of residuals (reduced chisquare) = WSSR/ndf   : 1.08511e-24

Final set of parameters            Asymptotic Standard Error
=======================            ==========================
g0              = -9.59579e-12     +/- 9.94e-13     (10.36%)
g1              = -0.166667        +/- 6.295e-13    (3.777e-10%)
g2              = -1.11681e-12     +/- 1.3e-13      (11.64%)
g3              = 0.166667         +/- 8.823e-15    (5.294e-12%)

correlation matrix of the fit parameters:
                g0     g1     g2     g3     
g0              1.000 
g1             -0.687  1.000 
g2              0.209 -0.823  1.000 
g3              0.122  0.547 -0.922  1.000 


*******************************************************************************
Fri Feb 10 23:09:38 2023


FIT:    data read from "trip.dat" using 1:2
        format = x:z
        #datapoints = 9
        residuals are weighted equally (unit weight)

function used for fitting: e(x)
	e(x) = e0 + e1*x
fitted parameters initialized with current variable values

iter      chisq       delta/lim  lambda   e0            e1           
   0 4.4754000000e+04   0.00e+00  4.67e+00    1.000000e+00   1.000000e+00
   4 2.8116000000e+03  -9.04e-03  4.67e-04   -6.380000e+01   1.980000e+01

After 4 iterations the fit converged.
final sum of squares of residuals : 2811.6
rel. change during last iteration : -9.0395e-08

degrees of freedom    (FIT_NDF)                        : 7
rms of residuals      (FIT_STDFIT) = sqrt(WSSR/ndf)    : 20.0414
variance of residuals (reduced chisquare) = WSSR/ndf   : 401.657

Final set of parameters            Asymptotic Standard Error
=======================            ==========================
e0              = -63.8            +/- 16.9         (26.49%)
e1              = 19.8             +/- 2.587        (13.07%)

correlation matrix of the fit parameters:
                e0     e1     
e0              1.000 
e1             -0.919  1.000 


*******************************************************************************
Fri Feb 10 23:09:38 2023


FIT:    data read from "trip.dat" using 1:2
        format = x:z
        #datapoints = 9
        residuals are weighted equally (unit weight)

function used for fitting: f(x)
	f(x) = f0 + f1*x + f2*x**2
fitted parameters initialized with current variable values

iter      chisq       delta/lim  lambda   f0            f1            f2           
   0 4.3020000000e+03   0.00e+00  3.09e+01    1.000000e+00   1.000000e+00   1.000000e+00
   5 3.9600000000e+01  -4.89e-01  3.09e-04    2.420000e+01  -1.620000e+01   3.000000e+00

After 5 iterations the fit converged.
final sum of squares of residuals : 39.6
rel. change during last iteration : -4.89473e-06

degrees of freedom    (FIT_NDF)                        : 6
rms of residuals      (FIT_STDFIT) = sqrt(WSSR/ndf)    : 2.56905
variance of residuals (reduced chisquare) = WSSR/ndf   : 6.6

Final set of parameters            Asymptotic Standard Error
=======================            ==========================
f0              = 24.2             +/- 4.81         (19.87%)
f1              = -16.2            +/- 1.788        (11.03%)
f2              = 3                +/- 0.1464       (4.88%)

correlation matrix of the fit parameters:
                f0     f1     f2     
f0              1.000 
f1             -0.954  1.000 
f2              0.893 -0.983  1.000 


*******************************************************************************
Fri Feb 10 23:09:38 2023


FIT:    data read from "trip.dat" using 1:2
        format = x:z
        #datapoints = 9
        residuals are weighted equally (unit weight)

function used for fitting: g(x)
	g(x) = g0 + g1*x + g2*x**2 + g3*x**3
fitted parameters initialized with current variable values

iter      chisq       delta/lim  lambda   g0            g1            g2            g3           
   0 1.8300420000e+06   0.00e+00  2.36e+02    1.000000e+00   1.000000e+00   1.000000e+00   1.000000e+00
  16 5.4255431751e-24   0.00e+00  2.36e+03   -9.595787e-12  -1.666667e-01  -1.116806e-12   1.666667e-01

After 16 iterations the fit converged.
final sum of squares of residuals : 5.42554e-24
rel. change during last iteration : 0

degrees of freedom    (FIT_NDF)                        : 5
rms of residuals      (FIT_STDFIT) = sqrt(WSSR/ndf)    : 1.04169e-12
variance of residuals (reduced chisquare) = WSSR/ndf   : 1.08511e-24

Final set of parameters            Asymptotic Standard Error
=======================            ==========================
g0              = -9.59579e-12     +/- 9.94e-13     (10.36%)
g1              = -0.166667        +/- 6.295e-13    (3.777e-10%)
g2              = -1.11681e-12     +/- 1.3e-13      (11.64%)
g3              = 0.166667         +/- 8.823e-15    (5.294e-12%)

correlation matrix of the fit parameters:
                g0     g1     g2     g3     
g0              1.000 
g1             -0.687  1.000 
g2              0.209 -0.823  1.000 
g3              0.122  0.547 -0.922  1.000 


*******************************************************************************
Fri Feb 10 23:09:48 2023


FIT:    data read from "trip.dat" using 1:2
        format = x:z
        #datapoints = 9
        residuals are weighted equally (unit weight)

function used for fitting: e(x)
	e(x) = e0 + e1*x
fitted parameters initialized with current variable values

iter      chisq       delta/lim  lambda   e0            e1           
   0 4.4754000000e+04   0.00e+00  4.67e+00    1.000000e+00   1.000000e+00
   4 2.8116000000e+03  -9.04e-03  4.67e-04   -6.380000e+01   1.980000e+01

After 4 iterations the fit converged.
final sum of squares of residuals : 2811.6
rel. change during last iteration : -9.0395e-08

degrees of freedom    (FIT_NDF)                        : 7
rms of residuals      (FIT_STDFIT) = sqrt(WSSR/ndf)    : 20.0414
variance of residuals (reduced chisquare) = WSSR/ndf   : 401.657

Final set of parameters            Asymptotic Standard Error
=======================            ==========================
e0              = -63.8            +/- 16.9         (26.49%)
e1              = 19.8             +/- 2.587        (13.07%)

correlation matrix of the fit parameters:
                e0     e1     
e0              1.000 
e1             -0.919  1.000 


*******************************************************************************
Fri Feb 10 23:09:48 2023


FIT:    data read from "trip.dat" using 1:2
        format = x:z
        #datapoints = 9
        residuals are weighted equally (unit weight)

function used for fitting: f(x)
	f(x) = f0 + f1*x + f2*x**2
fitted parameters initialized with current variable values

iter      chisq       delta/lim  lambda   f0            f1            f2           
   0 4.3020000000e+03   0.00e+00  3.09e+01    1.000000e+00   1.000000e+00   1.000000e+00
   5 3.9600000000e+01  -4.89e-01  3.09e-04    2.420000e+01  -1.620000e+01   3.000000e+00

After 5 iterations the fit converged.
final sum of squares of residuals : 39.6
rel. change during last iteration : -4.89473e-06

degrees of freedom    (FIT_NDF)                        : 6
rms of residuals      (FIT_STDFIT) = sqrt(WSSR/ndf)    : 2.56905
variance of residuals (reduced chisquare) = WSSR/ndf   : 6.6

Final set of parameters            Asymptotic Standard Error
=======================            ==========================
f0              = 24.2             +/- 4.81         (19.87%)
f1              = -16.2            +/- 1.788        (11.03%)
f2              = 3                +/- 0.1464       (4.88%)

correlation matrix of the fit parameters:
                f0     f1     f2     
f0              1.000 
f1             -0.954  1.000 
f2              0.893 -0.983  1.000 


*******************************************************************************
Fri Feb 10 23:09:48 2023


FIT:    data read from "trip.dat" using 1:2
        format = x:z
        #datapoints = 9
        residuals are weighted equally (unit weight)

function used for fitting: g(x)
	g(x) = g0 + g1*x + g2*x**2 + g3*x**3
fitted parameters initialized with current variable values

iter      chisq       delta/lim  lambda   g0            g1            g2            g3           
   0 1.8300420000e+06   0.00e+00  2.36e+02    1.000000e+00   1.000000e+00   1.000000e+00   1.000000e+00
  16 5.4255431751e-24   0.00e+00  2.36e+03   -9.595787e-12  -1.666667e-01  -1.116806e-12   1.666667e-01

After 16 iterations the fit converged.
final sum of squares of residuals : 5.42554e-24
rel. change during last iteration : 0

degrees of freedom    (FIT_NDF)                        : 5
rms of residuals      (FIT_STDFIT) = sqrt(WSSR/ndf)    : 1.04169e-12
variance of residuals (reduced chisquare) = WSSR/ndf   : 1.08511e-24

Final set of parameters            Asymptotic Standard Error
=======================            ==========================
g0              = -9.59579e-12     +/- 9.94e-13     (10.36%)
g1              = -0.166667        +/- 6.295e-13    (3.777e-10%)
g2              = -1.11681e-12     +/- 1.3e-13      (11.64%)
g3              = 0.166667         +/- 8.823e-15    (5.294e-12%)

correlation matrix of the fit parameters:
                g0     g1     g2     g3     
g0              1.000 
g1             -0.687  1.000 
g2              0.209 -0.823  1.000 
g3              0.122  0.547 -0.922  1.000 


*******************************************************************************
Fri Feb 10 23:10:22 2023


FIT:    data read from "trip.dat" using 1:2
        format = x:z
        #datapoints = 9
        residuals are weighted equally (unit weight)

function used for fitting: e(x)
	e(x) = e0 + e1*x
fitted parameters initialized with current variable values

iter      chisq       delta/lim  lambda   e0            e1           
   0 4.4754000000e+04   0.00e+00  4.67e+00    1.000000e+00   1.000000e+00
   4 2.8116000000e+03  -9.04e-03  4.67e-04   -6.380000e+01   1.980000e+01

After 4 iterations the fit converged.
final sum of squares of residuals : 2811.6
rel. change during last iteration : -9.0395e-08

degrees of freedom    (FIT_NDF)                        : 7
rms of residuals      (FIT_STDFIT) = sqrt(WSSR/ndf)    : 20.0414
variance of residuals (reduced chisquare) = WSSR/ndf   : 401.657

Final set of parameters            Asymptotic Standard Error
=======================            ==========================
e0              = -63.8            +/- 16.9         (26.49%)
e1              = 19.8             +/- 2.587        (13.07%)

correlation matrix of the fit parameters:
                e0     e1     
e0              1.000 
e1             -0.919  1.000 


*******************************************************************************
Fri Feb 10 23:10:22 2023


FIT:    data read from "trip.dat" using 1:2
        format = x:z
        #datapoints = 9
        residuals are weighted equally (unit weight)

function used for fitting: f(x)
	f(x) = f0 + f1*x + f2*x**2
fitted parameters initialized with current variable values

iter      chisq       delta/lim  lambda   f0            f1            f2           
   0 4.3020000000e+03   0.00e+00  3.09e+01    1.000000e+00   1.000000e+00   1.000000e+00
   5 3.9600000000e+01  -4.89e-01  3.09e-04    2.420000e+01  -1.620000e+01   3.000000e+00

After 5 iterations the fit converged.
final sum of squares of residuals : 39.6
rel. change during last iteration : -4.89473e-06

degrees of freedom    (FIT_NDF)                        : 6
rms of residuals      (FIT_STDFIT) = sqrt(WSSR/ndf)    : 2.56905
variance of residuals (reduced chisquare) = WSSR/ndf   : 6.6

Final set of parameters            Asymptotic Standard Error
=======================            ==========================
f0              = 24.2             +/- 4.81         (19.87%)
f1              = -16.2            +/- 1.788        (11.03%)
f2              = 3                +/- 0.1464       (4.88%)

correlation matrix of the fit parameters:
                f0     f1     f2     
f0              1.000 
f1             -0.954  1.000 
f2              0.893 -0.983  1.000 


*******************************************************************************
Fri Feb 10 23:10:22 2023


FIT:    data read from "trip.dat" using 1:2
        format = x:z
        #datapoints = 9
        residuals are weighted equally (unit weight)

function used for fitting: g(x)
	g(x) = g0 + g1*x + g2*x**2 + g3*x**3
fitted parameters initialized with current variable values

iter      chisq       delta/lim  lambda   g0            g1            g2            g3           
   0 1.8300420000e+06   0.00e+00  2.36e+02    1.000000e+00   1.000000e+00   1.000000e+00   1.000000e+00
  16 5.4255431751e-24   0.00e+00  2.36e+03   -9.595787e-12  -1.666667e-01  -1.116806e-12   1.666667e-01

After 16 iterations the fit converged.
final sum of squares of residuals : 5.42554e-24
rel. change during last iteration : 0

degrees of freedom    (FIT_NDF)                        : 5
rms of residuals      (FIT_STDFIT) = sqrt(WSSR/ndf)    : 1.04169e-12
variance of residuals (reduced chisquare) = WSSR/ndf   : 1.08511e-24

Final set of parameters            Asymptotic Standard Error
=======================            ==========================
g0              = -9.59579e-12     +/- 9.94e-13     (10.36%)
g1              = -0.166667        +/- 6.295e-13    (3.777e-10%)
g2              = -1.11681e-12     +/- 1.3e-13      (11.64%)
g3              = 0.166667         +/- 8.823e-15    (5.294e-12%)

correlation matrix of the fit parameters:
                g0     g1     g2     g3     
g0              1.000 
g1             -0.687  1.000 
g2              0.209 -0.823  1.000 
g3              0.122  0.547 -0.922  1.000 
