

*******************************************************************************
Wed Feb 15 14:10:49 2023


FIT:    data read from "quad.dat" using 1:2
        format = x:z
        #datapoints = 100
        residuals are weighted equally (unit weight)

function used for fitting: e(x)
	e(x) = e0 + e1*x
fitted parameters initialized with current variable values

iter      chisq       delta/lim  lambda   e0            e1           
   0 2.3031061356e+14   0.00e+00  4.05e+01    1.000000e+00   1.000000e+00
   4 3.5226418015e+13  -3.48e-01  4.05e-03   -8.832043e+05   3.642080e+04

After 4 iterations the fit converged.
final sum of squares of residuals : 3.52264e+13
rel. change during last iteration : -3.48316e-06

degrees of freedom    (FIT_NDF)                        : 98
rms of residuals      (FIT_STDFIT) = sqrt(WSSR/ndf)    : 599544
variance of residuals (reduced chisquare) = WSSR/ndf   : 3.59453e+11

Final set of parameters            Asymptotic Standard Error
=======================            ==========================
e0              = -883204          +/- 1.19e+05     (13.48%)
e1              = 36420.8          +/- 2077         (5.703%)

correlation matrix of the fit parameters:
                e0     e1     
e0              1.000 
e1             -0.864  1.000 


*******************************************************************************
Wed Feb 15 14:10:49 2023


FIT:    data read from "quad.dat" using 1:2
        format = x:z
        #datapoints = 100
        residuals are weighted equally (unit weight)

function used for fitting: f(x)
	f(x) = f0 + f1*x + f2*x**2
fitted parameters initialized with current variable values

iter      chisq       delta/lim  lambda   f0            f1            f2           
   0 2.2902283921e+14   0.00e+00  2.55e+03    1.000000e+00   1.000000e+00   1.000000e+00
   6 2.7180350449e+12  -2.11e-01  2.55e-03    3.540316e+05  -3.932834e+04   7.651428e+02

After 6 iterations the fit converged.
final sum of squares of residuals : 2.71804e+12
rel. change during last iteration : -2.10811e-06

degrees of freedom    (FIT_NDF)                        : 97
rms of residuals      (FIT_STDFIT) = sqrt(WSSR/ndf)    : 167395
variance of residuals (reduced chisquare) = WSSR/ndf   : 2.8021e+10

Final set of parameters            Asymptotic Standard Error
=======================            ==========================
f0              = 354032           +/- 4.923e+04    (13.91%)
f1              = -39328.3         +/- 2298         (5.844%)
f2              = 765.143          +/- 22.46        (2.936%)

correlation matrix of the fit parameters:
                f0     f1     f2     
f0              1.000 
f1             -0.861  1.000 
f2              0.738 -0.968  1.000 


*******************************************************************************
Wed Feb 15 14:10:49 2023


FIT:    data read from "quad.dat" using 1:2
        format = x:z
        #datapoints = 100
        residuals are weighted equally (unit weight)

function used for fitting: g(x)
	g(x) = g0 + g1*x + g2*x**2 + g3*x**3
fitted parameters initialized with current variable values

iter      chisq       delta/lim  lambda   g0            g1            g2            g3           
   0 1.3112022452e+14   0.00e+00  1.86e+05    1.000000e+00   1.000000e+00   1.000000e+00   1.000000e+00
   8 3.9249603536e+10  -1.48e-01  1.86e-03   -5.377580e+04   1.138119e+04  -5.218571e+02   8.666667e+00

After 8 iterations the fit converged.
final sum of squares of residuals : 3.92496e+10
rel. change during last iteration : -1.47904e-06

degrees of freedom    (FIT_NDF)                        : 96
rms of residuals      (FIT_STDFIT) = sqrt(WSSR/ndf)    : 20220
variance of residuals (reduced chisquare) = WSSR/ndf   : 4.0885e+08

Final set of parameters            Asymptotic Standard Error
=======================            ==========================
g0              = -53775.8         +/- 7794         (14.49%)
g1              = 11381.2          +/- 685.2        (6.021%)
g2              = -521.857         +/- 16.13        (3.091%)
g3              = 8.66667          +/- 0.1071       (1.235%)

correlation matrix of the fit parameters:
                g0     g1     g2     g3     
g0              1.000 
g1             -0.857  1.000 
g2              0.732 -0.967  1.000 
g3             -0.646  0.914 -0.986  1.000 


*******************************************************************************
Wed Feb 15 14:10:49 2023


FIT:    data read from "quad.dat" using 1:2
        format = x:z
        #datapoints = 100
        residuals are weighted equally (unit weight)

function used for fitting: h(x)
	h(x) = h0 + h1*x + h2*x**2 + h3*x**2 + h4*x**4
fitted parameters initialized with current variable values

iter      chisq       delta/lim  lambda   h0            h1            h2            h3            h4           
   0 9.6571467803e+16   0.00e+00  1.46e+07    1.000000e+00   1.000000e+00   1.000000e+00   1.000000e+00   1.000000e+00
  10 9.8523262633e+07  -2.46e-02  1.46e-03    2.985757e+03  -6.022674e+02   1.390034e+01   1.455207e+01   4.373756e-02

After 10 iterations the fit converged.
final sum of squares of residuals : 9.85233e+07
rel. change during last iteration : -2.46127e-07

degrees of freedom    (FIT_NDF)                        : 95
rms of residuals      (FIT_STDFIT) = sqrt(WSSR/ndf)    : 1018.37
variance of residuals (reduced chisquare) = WSSR/ndf   : 1.03709e+06

Final set of parameters            Asymptotic Standard Error
=======================            ==========================
h0              = 2985.76          +/- 369.9        (12.39%)
h1              = -602.267         +/- 27.75        (4.608%)
h2              = 13.9003          +/- 1.369e+10    (9.852e+10%)
h3              = 14.5521          +/- 1.369e+10    (9.41e+10%)
h4              = 0.0437376        +/- 2.711e-05    (0.06198%)

correlation matrix of the fit parameters:
                h0     h1     h2     h3     h4     
h0              1.000 
h1             -0.858  1.000 
h2             -0.029  0.055  1.000 
h3              0.029 -0.055 -1.000  1.000 
h4             -0.587  0.864  0.082 -0.082  1.000 


*******************************************************************************
Wed Feb 15 14:11:10 2023


FIT:    data read from "quad.dat" using 1:2
        format = x:z
        #datapoints = 100
        residuals are weighted equally (unit weight)

function used for fitting: e(x)
	e(x) = e0 + e1*x
fitted parameters initialized with current variable values

iter      chisq       delta/lim  lambda   e0            e1           
   0 2.3031061356e+14   0.00e+00  4.05e+01    1.000000e+00   1.000000e+00
   4 3.5226418015e+13  -3.48e-01  4.05e-03   -8.832043e+05   3.642080e+04

After 4 iterations the fit converged.
final sum of squares of residuals : 3.52264e+13
rel. change during last iteration : -3.48316e-06

degrees of freedom    (FIT_NDF)                        : 98
rms of residuals      (FIT_STDFIT) = sqrt(WSSR/ndf)    : 599544
variance of residuals (reduced chisquare) = WSSR/ndf   : 3.59453e+11

Final set of parameters            Asymptotic Standard Error
=======================            ==========================
e0              = -883204          +/- 1.19e+05     (13.48%)
e1              = 36420.8          +/- 2077         (5.703%)

correlation matrix of the fit parameters:
                e0     e1     
e0              1.000 
e1             -0.864  1.000 


*******************************************************************************
Wed Feb 15 14:11:10 2023


FIT:    data read from "quad.dat" using 1:2
        format = x:z
        #datapoints = 100
        residuals are weighted equally (unit weight)

function used for fitting: f(x)
	f(x) = f0 + f1*x + f2*x**2
fitted parameters initialized with current variable values

iter      chisq       delta/lim  lambda   f0            f1            f2           
   0 2.2902283921e+14   0.00e+00  2.55e+03    1.000000e+00   1.000000e+00   1.000000e+00
   6 2.7180350449e+12  -2.11e-01  2.55e-03    3.540316e+05  -3.932834e+04   7.651428e+02

After 6 iterations the fit converged.
final sum of squares of residuals : 2.71804e+12
rel. change during last iteration : -2.10811e-06

degrees of freedom    (FIT_NDF)                        : 97
rms of residuals      (FIT_STDFIT) = sqrt(WSSR/ndf)    : 167395
variance of residuals (reduced chisquare) = WSSR/ndf   : 2.8021e+10

Final set of parameters            Asymptotic Standard Error
=======================            ==========================
f0              = 354032           +/- 4.923e+04    (13.91%)
f1              = -39328.3         +/- 2298         (5.844%)
f2              = 765.143          +/- 22.46        (2.936%)

correlation matrix of the fit parameters:
                f0     f1     f2     
f0              1.000 
f1             -0.861  1.000 
f2              0.738 -0.968  1.000 


*******************************************************************************
Wed Feb 15 14:11:10 2023


FIT:    data read from "quad.dat" using 1:2
        format = x:z
        #datapoints = 100
        residuals are weighted equally (unit weight)

function used for fitting: g(x)
	g(x) = g0 + g1*x + g2*x**2 + g3*x**3
fitted parameters initialized with current variable values

iter      chisq       delta/lim  lambda   g0            g1            g2            g3           
   0 1.3112022452e+14   0.00e+00  1.86e+05    1.000000e+00   1.000000e+00   1.000000e+00   1.000000e+00
   8 3.9249603536e+10  -1.48e-01  1.86e-03   -5.377580e+04   1.138119e+04  -5.218571e+02   8.666667e+00

After 8 iterations the fit converged.
final sum of squares of residuals : 3.92496e+10
rel. change during last iteration : -1.47904e-06

degrees of freedom    (FIT_NDF)                        : 96
rms of residuals      (FIT_STDFIT) = sqrt(WSSR/ndf)    : 20220
variance of residuals (reduced chisquare) = WSSR/ndf   : 4.0885e+08

Final set of parameters            Asymptotic Standard Error
=======================            ==========================
g0              = -53775.8         +/- 7794         (14.49%)
g1              = 11381.2          +/- 685.2        (6.021%)
g2              = -521.857         +/- 16.13        (3.091%)
g3              = 8.66667          +/- 0.1071       (1.235%)

correlation matrix of the fit parameters:
                g0     g1     g2     g3     
g0              1.000 
g1             -0.857  1.000 
g2              0.732 -0.967  1.000 
g3             -0.646  0.914 -0.986  1.000 


*******************************************************************************
Wed Feb 15 14:11:10 2023


FIT:    data read from "quad.dat" using 1:2
        format = x:z
        #datapoints = 100
        residuals are weighted equally (unit weight)

function used for fitting: h(x)
	h(x) = h0 + h1*x + h2*x**2 + h3*x**2 + h4*x**4
fitted parameters initialized with current variable values

iter      chisq       delta/lim  lambda   h0            h1            h2            h3            h4           
   0 9.6571467803e+16   0.00e+00  1.46e+07    1.000000e+00   1.000000e+00   1.000000e+00   1.000000e+00   1.000000e+00
  10 9.8523262633e+07  -2.46e-02  1.46e-03    2.985757e+03  -6.022674e+02   1.390034e+01   1.455207e+01   4.373756e-02

After 10 iterations the fit converged.
final sum of squares of residuals : 9.85233e+07
rel. change during last iteration : -2.46127e-07

degrees of freedom    (FIT_NDF)                        : 95
rms of residuals      (FIT_STDFIT) = sqrt(WSSR/ndf)    : 1018.37
variance of residuals (reduced chisquare) = WSSR/ndf   : 1.03709e+06

Final set of parameters            Asymptotic Standard Error
=======================            ==========================
h0              = 2985.76          +/- 369.9        (12.39%)
h1              = -602.267         +/- 27.75        (4.608%)
h2              = 13.9003          +/- 1.369e+10    (9.852e+10%)
h3              = 14.5521          +/- 1.369e+10    (9.41e+10%)
h4              = 0.0437376        +/- 2.711e-05    (0.06198%)

correlation matrix of the fit parameters:
                h0     h1     h2     h3     h4     
h0              1.000 
h1             -0.858  1.000 
h2             -0.029  0.055  1.000 
h3              0.029 -0.055 -1.000  1.000 
h4             -0.587  0.864  0.082 -0.082  1.000 


*******************************************************************************
Wed Feb 15 14:12:42 2023


FIT:    data read from "quad.dat" using 1:2
        format = x:z
        #datapoints = 100
        residuals are weighted equally (unit weight)

function used for fitting: e(x)
	e(x) = e0 + e1*x
fitted parameters initialized with current variable values

iter      chisq       delta/lim  lambda   e0            e1           
   0 2.3031061356e+14   0.00e+00  4.05e+01    1.000000e+00   1.000000e+00
   4 3.5226418015e+13  -3.48e-01  4.05e-03   -8.832043e+05   3.642080e+04

After 4 iterations the fit converged.
final sum of squares of residuals : 3.52264e+13
rel. change during last iteration : -3.48316e-06

degrees of freedom    (FIT_NDF)                        : 98
rms of residuals      (FIT_STDFIT) = sqrt(WSSR/ndf)    : 599544
variance of residuals (reduced chisquare) = WSSR/ndf   : 3.59453e+11

Final set of parameters            Asymptotic Standard Error
=======================            ==========================
e0              = -883204          +/- 1.19e+05     (13.48%)
e1              = 36420.8          +/- 2077         (5.703%)

correlation matrix of the fit parameters:
                e0     e1     
e0              1.000 
e1             -0.864  1.000 


*******************************************************************************
Wed Feb 15 14:12:42 2023


FIT:    data read from "quad.dat" using 1:2
        format = x:z
        #datapoints = 100
        residuals are weighted equally (unit weight)

function used for fitting: f(x)
	f(x) = f0 + f1*x + f2*x**2
fitted parameters initialized with current variable values

iter      chisq       delta/lim  lambda   f0            f1            f2           
   0 2.2902283921e+14   0.00e+00  2.55e+03    1.000000e+00   1.000000e+00   1.000000e+00
   6 2.7180350449e+12  -2.11e-01  2.55e-03    3.540316e+05  -3.932834e+04   7.651428e+02

After 6 iterations the fit converged.
final sum of squares of residuals : 2.71804e+12
rel. change during last iteration : -2.10811e-06

degrees of freedom    (FIT_NDF)                        : 97
rms of residuals      (FIT_STDFIT) = sqrt(WSSR/ndf)    : 167395
variance of residuals (reduced chisquare) = WSSR/ndf   : 2.8021e+10

Final set of parameters            Asymptotic Standard Error
=======================            ==========================
f0              = 354032           +/- 4.923e+04    (13.91%)
f1              = -39328.3         +/- 2298         (5.844%)
f2              = 765.143          +/- 22.46        (2.936%)

correlation matrix of the fit parameters:
                f0     f1     f2     
f0              1.000 
f1             -0.861  1.000 
f2              0.738 -0.968  1.000 


*******************************************************************************
Wed Feb 15 14:12:42 2023


FIT:    data read from "quad.dat" using 1:2
        format = x:z
        #datapoints = 100
        residuals are weighted equally (unit weight)

function used for fitting: g(x)
	g(x) = g0 + g1*x + g2*x**2 + g3*x**3
fitted parameters initialized with current variable values

iter      chisq       delta/lim  lambda   g0            g1            g2            g3           
   0 1.3112022452e+14   0.00e+00  1.86e+05    1.000000e+00   1.000000e+00   1.000000e+00   1.000000e+00
   8 3.9249603536e+10  -1.48e-01  1.86e-03   -5.377580e+04   1.138119e+04  -5.218571e+02   8.666667e+00

After 8 iterations the fit converged.
final sum of squares of residuals : 3.92496e+10
rel. change during last iteration : -1.47904e-06

degrees of freedom    (FIT_NDF)                        : 96
rms of residuals      (FIT_STDFIT) = sqrt(WSSR/ndf)    : 20220
variance of residuals (reduced chisquare) = WSSR/ndf   : 4.0885e+08

Final set of parameters            Asymptotic Standard Error
=======================            ==========================
g0              = -53775.8         +/- 7794         (14.49%)
g1              = 11381.2          +/- 685.2        (6.021%)
g2              = -521.857         +/- 16.13        (3.091%)
g3              = 8.66667          +/- 0.1071       (1.235%)

correlation matrix of the fit parameters:
                g0     g1     g2     g3     
g0              1.000 
g1             -0.857  1.000 
g2              0.732 -0.967  1.000 
g3             -0.646  0.914 -0.986  1.000 


*******************************************************************************
Wed Feb 15 14:12:42 2023


FIT:    data read from "quad.dat" using 1:2
        format = x:z
        #datapoints = 100
        residuals are weighted equally (unit weight)

function used for fitting: h(x)
	h(x) = h0 + h1*x + h2*x**2 + h3*x**2 + h4*x**4
fitted parameters initialized with current variable values

iter      chisq       delta/lim  lambda   h0            h1            h2            h3            h4           
   0 9.6571467803e+16   0.00e+00  1.46e+07    1.000000e+00   1.000000e+00   1.000000e+00   1.000000e+00   1.000000e+00
  10 9.8523262633e+07  -2.46e-02  1.46e-03    2.985757e+03  -6.022674e+02   1.390034e+01   1.455207e+01   4.373756e-02

After 10 iterations the fit converged.
final sum of squares of residuals : 9.85233e+07
rel. change during last iteration : -2.46127e-07

degrees of freedom    (FIT_NDF)                        : 95
rms of residuals      (FIT_STDFIT) = sqrt(WSSR/ndf)    : 1018.37
variance of residuals (reduced chisquare) = WSSR/ndf   : 1.03709e+06

Final set of parameters            Asymptotic Standard Error
=======================            ==========================
h0              = 2985.76          +/- 369.9        (12.39%)
h1              = -602.267         +/- 27.75        (4.608%)
h2              = 13.9003          +/- 1.369e+10    (9.852e+10%)
h3              = 14.5521          +/- 1.369e+10    (9.41e+10%)
h4              = 0.0437376        +/- 2.711e-05    (0.06198%)

correlation matrix of the fit parameters:
                h0     h1     h2     h3     h4     
h0              1.000 
h1             -0.858  1.000 
h2             -0.029  0.055  1.000 
h3              0.029 -0.055 -1.000  1.000 
h4             -0.587  0.864  0.082 -0.082  1.000 


*******************************************************************************
Fri Mar  3 11:33:56 2023


FIT:    data read from "trip.dat" using 1:2
        format = x:z
        #datapoints = 9
        residuals are weighted equally (unit weight)

function used for fitting: e(x)
	e(x) = e0 + e1*x
fitted parameters initialized with current variable values

iter      chisq       delta/lim  lambda   e0            e1           
   0 4.4754000000e+04   0.00e+00  4.67e+00    1.000000e+00   1.000000e+00
   4 2.8116000000e+03  -9.04e-03  4.67e-04   -6.380000e+01   1.980000e+01

After 4 iterations the fit converged.
final sum of squares of residuals : 2811.6
rel. change during last iteration : -9.0395e-08

degrees of freedom    (FIT_NDF)                        : 7
rms of residuals      (FIT_STDFIT) = sqrt(WSSR/ndf)    : 20.0414
variance of residuals (reduced chisquare) = WSSR/ndf   : 401.657

Final set of parameters            Asymptotic Standard Error
=======================            ==========================
e0              = -63.8            +/- 16.9         (26.49%)
e1              = 19.8             +/- 2.587        (13.07%)

correlation matrix of the fit parameters:
                e0     e1     
e0              1.000 
e1             -0.919  1.000 


*******************************************************************************
Fri Mar  3 11:33:56 2023


FIT:    data read from "trip.dat" using 1:2
        format = x:z
        #datapoints = 9
        residuals are weighted equally (unit weight)

function used for fitting: f(x)
	f(x) = f0 + f1*x + f2*x**2
fitted parameters initialized with current variable values

iter      chisq       delta/lim  lambda   f0            f1            f2           
   0 4.3020000000e+03   0.00e+00  3.09e+01    1.000000e+00   1.000000e+00   1.000000e+00
   5 3.9600000000e+01  -4.89e-01  3.09e-04    2.420000e+01  -1.620000e+01   3.000000e+00

After 5 iterations the fit converged.
final sum of squares of residuals : 39.6
rel. change during last iteration : -4.89473e-06

degrees of freedom    (FIT_NDF)                        : 6
rms of residuals      (FIT_STDFIT) = sqrt(WSSR/ndf)    : 2.56905
variance of residuals (reduced chisquare) = WSSR/ndf   : 6.6

Final set of parameters            Asymptotic Standard Error
=======================            ==========================
f0              = 24.2             +/- 4.81         (19.87%)
f1              = -16.2            +/- 1.788        (11.03%)
f2              = 3                +/- 0.1464       (4.88%)

correlation matrix of the fit parameters:
                f0     f1     f2     
f0              1.000 
f1             -0.954  1.000 
f2              0.893 -0.983  1.000 


*******************************************************************************
Fri Mar  3 11:33:56 2023


FIT:    data read from "trip.dat" using 1:2
        format = x:z
        #datapoints = 9
        residuals are weighted equally (unit weight)

function used for fitting: g(x)
	g(x) = g0 + g1*x + g2*x**2 + g3*x**3
fitted parameters initialized with current variable values

iter      chisq       delta/lim  lambda   g0            g1            g2            g3           
   0 1.8300420000e+06   0.00e+00  2.36e+02    1.000000e+00   1.000000e+00   1.000000e+00   1.000000e+00
  16 5.4255431751e-24   0.00e+00  2.36e+03   -9.595787e-12  -1.666667e-01  -1.116806e-12   1.666667e-01

After 16 iterations the fit converged.
final sum of squares of residuals : 5.42554e-24
rel. change during last iteration : 0

degrees of freedom    (FIT_NDF)                        : 5
rms of residuals      (FIT_STDFIT) = sqrt(WSSR/ndf)    : 1.04169e-12
variance of residuals (reduced chisquare) = WSSR/ndf   : 1.08511e-24

Final set of parameters            Asymptotic Standard Error
=======================            ==========================
g0              = -9.59579e-12     +/- 9.94e-13     (10.36%)
g1              = -0.166667        +/- 6.295e-13    (3.777e-10%)
g2              = -1.11681e-12     +/- 1.3e-13      (11.64%)
g3              = 0.166667         +/- 8.823e-15    (5.294e-12%)

correlation matrix of the fit parameters:
                g0     g1     g2     g3     
g0              1.000 
g1             -0.687  1.000 
g2              0.209 -0.823  1.000 
g3              0.122  0.547 -0.922  1.000 


*******************************************************************************
Fri Mar  3 11:34:03 2023


FIT:    data read from "trip.dat" using 1:2
        format = x:z
        #datapoints = 9
        residuals are weighted equally (unit weight)

function used for fitting: e(x)
	e(x) = e0 + e1*x
fitted parameters initialized with current variable values

iter      chisq       delta/lim  lambda   e0            e1           
   0 4.4754000000e+04   0.00e+00  4.67e+00    1.000000e+00   1.000000e+00
   4 2.8116000000e+03  -9.04e-03  4.67e-04   -6.380000e+01   1.980000e+01

After 4 iterations the fit converged.
final sum of squares of residuals : 2811.6
rel. change during last iteration : -9.0395e-08

degrees of freedom    (FIT_NDF)                        : 7
rms of residuals      (FIT_STDFIT) = sqrt(WSSR/ndf)    : 20.0414
variance of residuals (reduced chisquare) = WSSR/ndf   : 401.657

Final set of parameters            Asymptotic Standard Error
=======================            ==========================
e0              = -63.8            +/- 16.9         (26.49%)
e1              = 19.8             +/- 2.587        (13.07%)

correlation matrix of the fit parameters:
                e0     e1     
e0              1.000 
e1             -0.919  1.000 


*******************************************************************************
Fri Mar  3 11:34:03 2023


FIT:    data read from "trip.dat" using 1:2
        format = x:z
        #datapoints = 9
        residuals are weighted equally (unit weight)

function used for fitting: f(x)
	f(x) = f0 + f1*x + f2*x**2
fitted parameters initialized with current variable values

iter      chisq       delta/lim  lambda   f0            f1            f2           
   0 4.3020000000e+03   0.00e+00  3.09e+01    1.000000e+00   1.000000e+00   1.000000e+00
   5 3.9600000000e+01  -4.89e-01  3.09e-04    2.420000e+01  -1.620000e+01   3.000000e+00

After 5 iterations the fit converged.
final sum of squares of residuals : 39.6
rel. change during last iteration : -4.89473e-06

degrees of freedom    (FIT_NDF)                        : 6
rms of residuals      (FIT_STDFIT) = sqrt(WSSR/ndf)    : 2.56905
variance of residuals (reduced chisquare) = WSSR/ndf   : 6.6

Final set of parameters            Asymptotic Standard Error
=======================            ==========================
f0              = 24.2             +/- 4.81         (19.87%)
f1              = -16.2            +/- 1.788        (11.03%)
f2              = 3                +/- 0.1464       (4.88%)

correlation matrix of the fit parameters:
                f0     f1     f2     
f0              1.000 
f1             -0.954  1.000 
f2              0.893 -0.983  1.000 


*******************************************************************************
Fri Mar  3 11:34:03 2023


FIT:    data read from "trip.dat" using 1:2
        format = x:z
        #datapoints = 9
        residuals are weighted equally (unit weight)

function used for fitting: g(x)
	g(x) = g0 + g1*x + g2*x**2 + g3*x**3
fitted parameters initialized with current variable values

iter      chisq       delta/lim  lambda   g0            g1            g2            g3           
   0 1.8300420000e+06   0.00e+00  2.36e+02    1.000000e+00   1.000000e+00   1.000000e+00   1.000000e+00
  16 5.4255431751e-24   0.00e+00  2.36e+03   -9.595787e-12  -1.666667e-01  -1.116806e-12   1.666667e-01

After 16 iterations the fit converged.
final sum of squares of residuals : 5.42554e-24
rel. change during last iteration : 0

degrees of freedom    (FIT_NDF)                        : 5
rms of residuals      (FIT_STDFIT) = sqrt(WSSR/ndf)    : 1.04169e-12
variance of residuals (reduced chisquare) = WSSR/ndf   : 1.08511e-24

Final set of parameters            Asymptotic Standard Error
=======================            ==========================
g0              = -9.59579e-12     +/- 9.94e-13     (10.36%)
g1              = -0.166667        +/- 6.295e-13    (3.777e-10%)
g2              = -1.11681e-12     +/- 1.3e-13      (11.64%)
g3              = 0.166667         +/- 8.823e-15    (5.294e-12%)

correlation matrix of the fit parameters:
                g0     g1     g2     g3     
g0              1.000 
g1             -0.687  1.000 
g2              0.209 -0.823  1.000 
g3              0.122  0.547 -0.922  1.000 
